age & workclass                    : True
age & education                    : True
age & marital-status               : True
age & occupation                   : True
age & relationship                 : True
age & race                         : True
age & sex                          : True
age & hours-per-week               : True
age & native-country               : True
workclass & education              : True
workclass & marital-status         : True
workclass & occupation             : True
workclass & relationship           : True
workclass & race                   : True
workclass & sex                    : True
workclass & hours-per-week         : True
workclass & native-country         : True
education & marital-status         : True
education & occupation             : True
education & relationship           : True
education & race                   : True
education & sex                    : True
education & hours-per-week         : True
education & native-country         : True
marital-status & occupation        : True
marital-status & relationship      : True
marital-status & race              : True
marital-status & sex               : True
marital-status & hours-per-week    : True
marital-status & native-country    : True
occupation & relationship          : True
occupation & race                  : True
occupation & sex                   : True
occupation & hours-per-week        : True
occupation & native-country        : True
relationship & race                : True
relationship & sex                 : True
relationship & hours-per-week      : True
relationship & native-country      : True
race & sex                         : True
race & hours-per-week              : True
race & native-country              : True
sex & hours-per-week               : True
sex & native-country               : True
hours-per-week & native-country    : True
